<?xml version="1.0" encoding="UTF-8"?>
<!-- Generated by org.testng.reporters.JUnitXMLReporter -->
<testsuite ignored="0" hostname="DESKTOP-8L19U7K" failures="1" tests="5" name="chromeTest" time="90.666" errors="0" timestamp="2024-08-29T04:48:59 GMT-07:00">
  <testcase classname="testCases.TC001_Login" name="loginTest" time="9.231"/>
  <testcase classname="testCases.TC003_AddEmployee" name="addEmployee" time="27.258"/>
  <testcase classname="testCases.TC001_Login" name="loginTest" time="6.373"/>
  <testcase classname="testCases.TC002_ChangePassword" name="changePassword" time="4.367"/>
  <testcase classname="testCases.TC001_Login" name="loginTest" time="10.105">
    <failure type="java.lang.AssertionError" message="null">
      <![CDATA[java.lang.AssertionError: null
at testCases.TC001_Login.loginTest(TC001_Login.java:44)
at java.base/java.util.ArrayList.forEach(ArrayList.java:1511)
at java.base/java.util.concurrent.FutureTask.run(FutureTask.java:264)
at java.base/java.util.concurrent.ThreadPoolExecutor.runWorker(ThreadPoolExecutor.java:1136)
at java.base/java.util.concurrent.ThreadPoolExecutor$Worker.run(ThreadPoolExecutor.java:635)
at java.base/java.lang.Thread.run(Thread.java:840)
... Removed 19 stack frames]]>
    </failure>
  </testcase> <!-- loginTest -->
</testsuite> <!-- chromeTest -->
